<?xml version="1.0" encoding="UTF-8"?>
<!-- Generated by org.testng.reporters.JUnitReportReporter -->
<testsuite hostname="Koneri" failures="0" tests="1" name="answerdigital.Testcase2" time="9.541" errors="0" timestamp="2021-07-22T05:09:57 BST" skipped="0">
  <testcase classname="answerdigital.Testcase2" name="mtd_testcase2" time="9.541"/>
  <system-out/>
</testsuite> <!-- answerdigital.Testcase2 -->
