<?xml version="1.0" encoding="UTF-8"?>
<!-- Generated by org.testng.reporters.JUnitReportReporter -->
<testsuite hostname="Koneri" failures="0" tests="1" name="answerdigital.Testcase3" time="10.836" errors="0" timestamp="2021-07-22T05:09:57 BST" skipped="0">
  <testcase classname="answerdigital.Testcase3" name="mtd_testcase3" time="10.836"/>
  <system-out/>
</testsuite> <!-- answerdigital.Testcase3 -->
