<?xml version="1.0" encoding="UTF-8"?>
<!-- Generated by org.testng.reporters.JUnitReportReporter -->
<testsuite hostname="Koneri" failures="0" tests="3" name="answerdigital.Testcase1" time="22.600" errors="0" timestamp="2021-07-22T05:09:57 BST" skipped="0">
  <testcase classname="answerdigital.Testcase1" name="testcase1_3" time="8.597"/>
  <system-out/>
  <testcase classname="answerdigital.Testcase1" name="testcase1_2" time="7.618"/>
  <system-out/>
  <testcase classname="answerdigital.Testcase1" name="testcase1_1" time="6.385"/>
  <system-out/>
</testsuite> <!-- answerdigital.Testcase1 -->
